This is pdfTeX, Version 3.1415926-2.5-1.40.14 (TeX Live 2013/Debian) (format=pdflatex 2015.2.25)  24 SEP 2015 18:00
entering extended mode
 restricted \write18 enabled.
 %&-line parsing enabled.
**utkast.tex
(./utkast.tex
LaTeX2e <2011/06/27>
Babel <3.9h> and hyphenation patterns for 78 languages loaded.
(/usr/share/texlive/texmf-dist/tex/latex/base/article.cls
Document Class: article 2007/10/19 v1.4h Standard LaTeX document class
(/usr/share/texlive/texmf-dist/tex/latex/base/size10.clo
File: size10.clo 2007/10/19 v1.4h Standard LaTeX file (size option)
)
\c@part=\count79
\c@section=\count80
\c@subsection=\count81
\c@subsubsection=\count82
\c@paragraph=\count83
\c@subparagraph=\count84
\c@figure=\count85
\c@table=\count86
\abovecaptionskip=\skip41
\belowcaptionskip=\skip42
\bibindent=\dimen102
)
(/usr/share/texlive/texmf-dist/tex/latex/base/fontenc.sty
Package: fontenc 2005/09/27 v1.99g Standard LaTeX package

(/usr/share/texlive/texmf-dist/tex/latex/base/t1enc.def
File: t1enc.def 2005/09/27 v1.99g Standard LaTeX file
LaTeX Font Info:    Redeclaring font encoding T1 on input line 43.
))
(/usr/share/texlive/texmf-dist/tex/latex/fourier/fourier.sty
Package: fourier 2005/01/01 1.4 fourier-GUTenberg package

(/usr/share/texlive/texmf-dist/tex/latex/base/fontenc.sty
Package: fontenc 2005/09/27 v1.99g Standard LaTeX package

(/usr/share/texlive/texmf-dist/tex/latex/base/t1enc.def
File: t1enc.def 2005/09/27 v1.99g Standard LaTeX file
LaTeX Font Info:    Redeclaring font encoding T1 on input line 43.
))
(/usr/share/texlive/texmf-dist/tex/latex/base/textcomp.sty
Package: textcomp 2005/09/27 v1.99g Standard LaTeX package
Package textcomp Info: Sub-encoding information:
(textcomp)               5 = only ISO-Adobe without \textcurrency
(textcomp)               4 = 5 + \texteuro
(textcomp)               3 = 4 + \textohm
(textcomp)               2 = 3 + \textestimated + \textcurrency
(textcomp)               1 = TS1 - \textcircled - \t
(textcomp)               0 = TS1 (full)
(textcomp)             Font families with sub-encoding setting implement
(textcomp)             only a restricted character set as indicated.
(textcomp)             Family '?' is the default used for unknown fonts.
(textcomp)             See the documentation for details.
Package textcomp Info: Setting ? sub-encoding to TS1/1 on input line 71.

(/usr/share/texlive/texmf-dist/tex/latex/base/ts1enc.def
File: ts1enc.def 2001/06/05 v3.0e (jk/car/fm) Standard LaTeX file
)
LaTeX Info: Redefining \oldstylenums on input line 266.
Package textcomp Info: Setting cmr sub-encoding to TS1/0 on input line 281.
Package textcomp Info: Setting cmss sub-encoding to TS1/0 on input line 282.
Package textcomp Info: Setting cmtt sub-encoding to TS1/0 on input line 283.
Package textcomp Info: Setting cmvtt sub-encoding to TS1/0 on input line 284.
Package textcomp Info: Setting cmbr sub-encoding to TS1/0 on input line 285.
Package textcomp Info: Setting cmtl sub-encoding to TS1/0 on input line 286.
Package textcomp Info: Setting ccr sub-encoding to TS1/0 on input line 287.
Package textcomp Info: Setting ptm sub-encoding to TS1/4 on input line 288.
Package textcomp Info: Setting pcr sub-encoding to TS1/4 on input line 289.
Package textcomp Info: Setting phv sub-encoding to TS1/4 on input line 290.
Package textcomp Info: Setting ppl sub-encoding to TS1/3 on input line 291.
Package textcomp Info: Setting pag sub-encoding to TS1/4 on input line 292.
Package textcomp Info: Setting pbk sub-encoding to TS1/4 on input line 293.
Package textcomp Info: Setting pnc sub-encoding to TS1/4 on input line 294.
Package textcomp Info: Setting pzc sub-encoding to TS1/4 on input line 295.
Package textcomp Info: Setting bch sub-encoding to TS1/4 on input line 296.
Package textcomp Info: Setting put sub-encoding to TS1/5 on input line 297.
Package textcomp Info: Setting uag sub-encoding to TS1/5 on input line 298.
Package textcomp Info: Setting ugq sub-encoding to TS1/5 on input line 299.
Package textcomp Info: Setting ul8 sub-encoding to TS1/4 on input line 300.
Package textcomp Info: Setting ul9 sub-encoding to TS1/4 on input line 301.
Package textcomp Info: Setting augie sub-encoding to TS1/5 on input line 302.
Package textcomp Info: Setting dayrom sub-encoding to TS1/3 on input line 303.
Package textcomp Info: Setting dayroms sub-encoding to TS1/3 on input line 304.

Package textcomp Info: Setting pxr sub-encoding to TS1/0 on input line 305.
Package textcomp Info: Setting pxss sub-encoding to TS1/0 on input line 306.
Package textcomp Info: Setting pxtt sub-encoding to TS1/0 on input line 307.
Package textcomp Info: Setting txr sub-encoding to TS1/0 on input line 308.
Package textcomp Info: Setting txss sub-encoding to TS1/0 on input line 309.
Package textcomp Info: Setting txtt sub-encoding to TS1/0 on input line 310.
Package textcomp Info: Setting lmr sub-encoding to TS1/0 on input line 311.
Package textcomp Info: Setting lmdh sub-encoding to TS1/0 on input line 312.
Package textcomp Info: Setting lmss sub-encoding to TS1/0 on input line 313.
Package textcomp Info: Setting lmssq sub-encoding to TS1/0 on input line 314.
Package textcomp Info: Setting lmvtt sub-encoding to TS1/0 on input line 315.
Package textcomp Info: Setting qhv sub-encoding to TS1/0 on input line 316.
Package textcomp Info: Setting qag sub-encoding to TS1/0 on input line 317.
Package textcomp Info: Setting qbk sub-encoding to TS1/0 on input line 318.
Package textcomp Info: Setting qcr sub-encoding to TS1/0 on input line 319.
Package textcomp Info: Setting qcs sub-encoding to TS1/0 on input line 320.
Package textcomp Info: Setting qpl sub-encoding to TS1/0 on input line 321.
Package textcomp Info: Setting qtm sub-encoding to TS1/0 on input line 322.
Package textcomp Info: Setting qzc sub-encoding to TS1/0 on input line 323.
Package textcomp Info: Setting qhvc sub-encoding to TS1/0 on input line 324.
Package textcomp Info: Setting futs sub-encoding to TS1/4 on input line 325.
Package textcomp Info: Setting futx sub-encoding to TS1/4 on input line 326.
Package textcomp Info: Setting futj sub-encoding to TS1/4 on input line 327.
Package textcomp Info: Setting hlh sub-encoding to TS1/3 on input line 328.
Package textcomp Info: Setting hls sub-encoding to TS1/3 on input line 329.
Package textcomp Info: Setting hlst sub-encoding to TS1/3 on input line 330.
Package textcomp Info: Setting hlct sub-encoding to TS1/5 on input line 331.
Package textcomp Info: Setting hlx sub-encoding to TS1/5 on input line 332.
Package textcomp Info: Setting hlce sub-encoding to TS1/5 on input line 333.
Package textcomp Info: Setting hlcn sub-encoding to TS1/5 on input line 334.
Package textcomp Info: Setting hlcw sub-encoding to TS1/5 on input line 335.
Package textcomp Info: Setting hlcf sub-encoding to TS1/5 on input line 336.
Package textcomp Info: Setting pplx sub-encoding to TS1/3 on input line 337.
Package textcomp Info: Setting pplj sub-encoding to TS1/3 on input line 338.
Package textcomp Info: Setting ptmx sub-encoding to TS1/4 on input line 339.
Package textcomp Info: Setting ptmj sub-encoding to TS1/4 on input line 340.
)
(/usr/share/texlive/texmf-dist/tex/latex/fourier/fourier-orns.sty
Package: fourier-orns 2004/01/30 1.1 fourier-ornaments package
)
LaTeX Font Info:    Redeclaring symbol font `operators' on input line 50.
LaTeX Font Info:    Encoding `OT1' has changed to `T1' for symbol font
(Font)              `operators' in the math version `normal' on input line 50.
LaTeX Font Info:    Overwriting symbol font `operators' in version `normal'
(Font)                  OT1/cmr/m/n --> T1/futs/m/n on input line 50.
LaTeX Font Info:    Encoding `OT1' has changed to `T1' for symbol font
(Font)              `operators' in the math version `bold' on input line 50.
LaTeX Font Info:    Overwriting symbol font `operators' in version `bold'
(Font)                  OT1/cmr/bx/n --> T1/futs/m/n on input line 50.
LaTeX Font Info:    Overwriting symbol font `operators' in version `bold'
(Font)                  T1/futs/m/n --> T1/futs/b/n on input line 51.
LaTeX Font Info:    Redeclaring symbol font `letters' on input line 59.
LaTeX Font Info:    Encoding `OML' has changed to `FML' for symbol font
(Font)              `letters' in the math version `normal' on input line 59.
LaTeX Font Info:    Overwriting symbol font `letters' in version `normal'
(Font)                  OML/cmm/m/it --> FML/futmi/m/it on input line 59.
LaTeX Font Info:    Encoding `OML' has changed to `FML' for symbol font
(Font)              `letters' in the math version `bold' on input line 59.
LaTeX Font Info:    Overwriting symbol font `letters' in version `bold'
(Font)                  OML/cmm/b/it --> FML/futmi/m/it on input line 59.
\symotherletters=\mathgroup4
LaTeX Font Info:    Overwriting symbol font `letters' in version `bold'
(Font)                  FML/futmi/m/it --> FML/futmi/b/it on input line 61.
LaTeX Font Info:    Overwriting symbol font `otherletters' in version `bold'
(Font)                  FML/futm/m/it --> FML/futm/b/it on input line 62.
LaTeX Font Info:    Redeclaring math symbol \Gamma on input line 63.
LaTeX Font Info:    Redeclaring math symbol \Delta on input line 64.
LaTeX Font Info:    Redeclaring math symbol \Theta on input line 65.
LaTeX Font Info:    Redeclaring math symbol \Lambda on input line 66.
LaTeX Font Info:    Redeclaring math symbol \Xi on input line 67.
LaTeX Font Info:    Redeclaring math symbol \Pi on input line 68.
LaTeX Font Info:    Redeclaring math symbol \Sigma on input line 69.
LaTeX Font Info:    Redeclaring math symbol \Upsilon on input line 70.
LaTeX Font Info:    Redeclaring math symbol \Phi on input line 71.
LaTeX Font Info:    Redeclaring math symbol \Psi on input line 72.
LaTeX Font Info:    Redeclaring math symbol \Omega on input line 73.
LaTeX Font Info:    Redeclaring symbol font `symbols' on input line 113.
LaTeX Font Info:    Encoding `OMS' has changed to `FMS' for symbol font
(Font)              `symbols' in the math version `normal' on input line 113.
LaTeX Font Info:    Overwriting symbol font `symbols' in version `normal'
(Font)                  OMS/cmsy/m/n --> FMS/futm/m/n on input line 113.
LaTeX Font Info:    Encoding `OMS' has changed to `FMS' for symbol font
(Font)              `symbols' in the math version `bold' on input line 113.
LaTeX Font Info:    Overwriting symbol font `symbols' in version `bold'
(Font)                  OMS/cmsy/b/n --> FMS/futm/m/n on input line 113.
LaTeX Font Info:    Redeclaring symbol font `largesymbols' on input line 114.
LaTeX Font Info:    Encoding `OMX' has changed to `FMX' for symbol font
(Font)              `largesymbols' in the math version `normal' on input line 1
14.
LaTeX Font Info:    Overwriting symbol font `largesymbols' in version `normal'
(Font)                  OMX/cmex/m/n --> FMX/futm/m/n on input line 114.
LaTeX Font Info:    Encoding `OMX' has changed to `FMX' for symbol font
(Font)              `largesymbols' in the math version `bold' on input line 114
.
LaTeX Font Info:    Overwriting symbol font `largesymbols' in version `bold'
(Font)                  OMX/cmex/m/n --> FMX/futm/m/n on input line 114.
LaTeX Font Info:    Redeclaring math alphabet \mathbf on input line 115.
LaTeX Font Info:    Overwriting math alphabet `\mathbf' in version `normal'
(Font)                  OT1/cmr/bx/n --> T1/futs/bx/n on input line 115.
LaTeX Font Info:    Overwriting math alphabet `\mathbf' in version `bold'
(Font)                  OT1/cmr/bx/n --> T1/futs/bx/n on input line 115.
LaTeX Font Info:    Redeclaring math alphabet \mathrm on input line 116.
LaTeX Font Info:    Redeclaring math alphabet \mathit on input line 117.
LaTeX Font Info:    Overwriting math alphabet `\mathit' in version `normal'
(Font)                  OT1/cmr/m/it --> T1/futs/m/it on input line 117.
LaTeX Font Info:    Overwriting math alphabet `\mathit' in version `bold'
(Font)                  OT1/cmr/bx/it --> T1/futs/m/it on input line 117.
LaTeX Font Info:    Redeclaring math alphabet \mathcal on input line 118.
LaTeX Font Info:    Redeclaring math symbol \parallel on input line 134.
LaTeX Font Info:    Redeclaring math symbol \hbar on input line 148.
LaTeX Font Info:    Redeclaring math symbol \varkappa on input line 186.
LaTeX Font Info:    Redeclaring math symbol \varvarrho on input line 187.
LaTeX Font Info:    Redeclaring math delimiter \Vert on input line 210.
LaTeX Font Info:    Redeclaring math delimiter \vert on input line 215.
LaTeX Font Info:    Redeclaring math delimiter \Downarrow on input line 225.
LaTeX Font Info:    Redeclaring math delimiter \backslash on input line 227.
LaTeX Font Info:    Redeclaring math delimiter \rangle on input line 229.
LaTeX Font Info:    Redeclaring math delimiter \langle on input line 231.
LaTeX Font Info:    Redeclaring math delimiter \rbrace on input line 233.
LaTeX Font Info:    Redeclaring math delimiter \lbrace on input line 235.
LaTeX Font Info:    Redeclaring math delimiter \rceil on input line 237.
LaTeX Font Info:    Redeclaring math delimiter \lceil on input line 239.
LaTeX Font Info:    Redeclaring math delimiter \rfloor on input line 241.
LaTeX Font Info:    Redeclaring math delimiter \lfloor on input line 243.
LaTeX Font Info:    Redeclaring math accent \acute on input line 247.
LaTeX Font Info:    Redeclaring math accent \grave on input line 248.
LaTeX Font Info:    Redeclaring math accent \ddot on input line 249.
LaTeX Font Info:    Redeclaring math accent \tilde on input line 250.
LaTeX Font Info:    Redeclaring math accent \bar on input line 251.
LaTeX Font Info:    Redeclaring math accent \breve on input line 252.
LaTeX Font Info:    Redeclaring math accent \check on input line 253.
LaTeX Font Info:    Redeclaring math accent \hat on input line 254.
LaTeX Font Info:    Redeclaring math accent \dot on input line 255.
LaTeX Font Info:    Redeclaring math accent \mathring on input line 256.
\symUfutm=\mathgroup5
)
(/usr/share/texlive/texmf-dist/tex/generic/babel/babel.sty
Package: babel 2013/12/03 3.9h The Babel package

(/usr/share/texlive/texmf-dist/tex/generic/babel-norsk/norsk.ldf
Language: norsk 2012/08/06 v2.0i Norsk support from the babel system

(/usr/share/texlive/texmf-dist/tex/generic/babel/babel.def
File: babel.def 2013/12/03 3.9h Babel common definitions
\babel@savecnt=\count87
\U@D=\dimen103
)
Package babel Info: Making " an active character on input line 113.
)
(/usr/share/texlive/texmf-dist/tex/generic/babel-english/english.ldf
Language: english 2012/08/20 v3.3p English support from the babel system
\l@canadian = a dialect from \language\l@american 
\l@australian = a dialect from \language\l@british 
\l@newzealand = a dialect from \language\l@british 
))
(/usr/share/texlive/texmf-dist/tex/latex/amsmath/amsmath.sty
Package: amsmath 2013/01/14 v2.14 AMS math features
\@mathmargin=\skip43

For additional information on amsmath, use the `?' option.
(/usr/share/texlive/texmf-dist/tex/latex/amsmath/amstext.sty
Package: amstext 2000/06/29 v2.01

(/usr/share/texlive/texmf-dist/tex/latex/amsmath/amsgen.sty
File: amsgen.sty 1999/11/30 v2.0
\@emptytoks=\toks14
\ex@=\dimen104
))
(/usr/share/texlive/texmf-dist/tex/latex/amsmath/amsbsy.sty
Package: amsbsy 1999/11/29 v1.2d
\pmbraise@=\dimen105
)
(/usr/share/texlive/texmf-dist/tex/latex/amsmath/amsopn.sty
Package: amsopn 1999/12/14 v2.01 operator names
)
\inf@bad=\count88
LaTeX Info: Redefining \frac on input line 210.
\uproot@=\count89
\leftroot@=\count90
LaTeX Info: Redefining \overline on input line 306.
\classnum@=\count91
\DOTSCASE@=\count92
LaTeX Info: Redefining \ldots on input line 378.
LaTeX Info: Redefining \dots on input line 381.
LaTeX Info: Redefining \cdots on input line 466.
\Mathstrutbox@=\box26
\strutbox@=\box27
\big@size=\dimen106
LaTeX Font Info:    Redeclaring font encoding OML on input line 566.
LaTeX Font Info:    Redeclaring font encoding OMS on input line 567.
\macc@depth=\count93
\c@MaxMatrixCols=\count94
\dotsspace@=\muskip10
\c@parentequation=\count95
\dspbrk@lvl=\count96
\tag@help=\toks15
\row@=\count97
\column@=\count98
\maxfields@=\count99
\andhelp@=\toks16
\eqnshift@=\dimen107
\alignsep@=\dimen108
\tagshift@=\dimen109
\tagwidth@=\dimen110
\totwidth@=\dimen111
\lineht@=\dimen112
\@envbody=\toks17
\multlinegap=\skip44
\multlinetaggap=\skip45
\mathdisplay@stack=\toks18
LaTeX Info: Redefining \[ on input line 2665.
LaTeX Info: Redefining \] on input line 2666.
)
(/usr/share/texlive/texmf-dist/tex/latex/amsfonts/amsfonts.sty
Package: amsfonts 2013/01/14 v3.01 Basic AMSFonts support
\symAMSa=\mathgroup6
\symAMSb=\mathgroup7
LaTeX Font Info:    Overwriting math alphabet `\mathfrak' in version `bold'
(Font)                  U/euf/m/n --> U/euf/b/n on input line 106.
LaTeX Font Info:    Redeclaring math symbol \square on input line 141.
)
(/usr/share/texlive/texmf-dist/tex/latex/amscls/amsthm.sty
Package: amsthm 2004/08/06 v2.20
\thm@style=\toks19
\thm@bodyfont=\toks20
\thm@headfont=\toks21
\thm@notefont=\toks22
\thm@headpunct=\toks23
\thm@preskip=\skip46
\thm@postskip=\skip47
\thm@headsep=\skip48
\dth@everypar=\toks24
)
(/usr/share/texlive/texmf-dist/tex/latex/multirow/multirow.sty
\bigstrutjot=\dimen113
)
(/usr/share/texlive/texmf-dist/tex/latex/caption/caption.sty
Package: caption 2013/05/02 v3.3-89 Customizing captions (AR)

(/usr/share/texlive/texmf-dist/tex/latex/caption/caption3.sty
Package: caption3 2013/05/02 v1.6-88 caption3 kernel (AR)
Package caption3 Info: TeX engine: e-TeX on input line 57.

(/usr/share/texlive/texmf-dist/tex/latex/graphics/keyval.sty
Package: keyval 1999/03/16 v1.13 key=value parser (DPC)
\KV@toks@=\toks25
)
\captionmargin=\dimen114
\captionmargin@=\dimen115
\captionwidth=\dimen116
\caption@tempdima=\dimen117
\caption@indent=\dimen118
\caption@parindent=\dimen119
\caption@hangindent=\dimen120
)
\c@ContinuedFloat=\count100
)
(/usr/share/texlive/texmf-dist/tex/latex/caption/subcaption.sty
Package: subcaption 2013/02/03 v1.1-62 Sub-captions (AR)
\c@subfigure=\count101
\c@subtable=\count102
)
(/usr/share/texlive/texmf-dist/tex/latex/base/inputenc.sty
Package: inputenc 2008/03/30 v1.1d Input encoding file
\inpenc@prehook=\toks26
\inpenc@posthook=\toks27

(/usr/share/texlive/texmf-dist/tex/latex/base/utf8.def
File: utf8.def 2008/04/05 v1.1m UTF-8 support for inputenc
Now handling font encoding OML ...
... no UTF-8 mapping file for font encoding OML
Now handling font encoding T1 ...
... processing UTF-8 mapping file for font encoding T1

(/usr/share/texlive/texmf-dist/tex/latex/base/t1enc.dfu
File: t1enc.dfu 2008/04/05 v1.1m UTF-8 support for inputenc
   defining Unicode char U+00A1 (decimal 161)
   defining Unicode char U+00A3 (decimal 163)
   defining Unicode char U+00AB (decimal 171)
   defining Unicode char U+00BB (decimal 187)
   defining Unicode char U+00BF (decimal 191)
   defining Unicode char U+00C0 (decimal 192)
   defining Unicode char U+00C1 (decimal 193)
   defining Unicode char U+00C2 (decimal 194)
   defining Unicode char U+00C3 (decimal 195)
   defining Unicode char U+00C4 (decimal 196)
   defining Unicode char U+00C5 (decimal 197)
   defining Unicode char U+00C6 (decimal 198)
   defining Unicode char U+00C7 (decimal 199)
   defining Unicode char U+00C8 (decimal 200)
   defining Unicode char U+00C9 (decimal 201)
   defining Unicode char U+00CA (decimal 202)
   defining Unicode char U+00CB (decimal 203)
   defining Unicode char U+00CC (decimal 204)
   defining Unicode char U+00CD (decimal 205)
   defining Unicode char U+00CE (decimal 206)
   defining Unicode char U+00CF (decimal 207)
   defining Unicode char U+00D0 (decimal 208)
   defining Unicode char U+00D1 (decimal 209)
   defining Unicode char U+00D2 (decimal 210)
   defining Unicode char U+00D3 (decimal 211)
   defining Unicode char U+00D4 (decimal 212)
   defining Unicode char U+00D5 (decimal 213)
   defining Unicode char U+00D6 (decimal 214)
   defining Unicode char U+00D8 (decimal 216)
   defining Unicode char U+00D9 (decimal 217)
   defining Unicode char U+00DA (decimal 218)
   defining Unicode char U+00DB (decimal 219)
   defining Unicode char U+00DC (decimal 220)
   defining Unicode char U+00DD (decimal 221)
   defining Unicode char U+00DE (decimal 222)
   defining Unicode char U+00DF (decimal 223)
   defining Unicode char U+00E0 (decimal 224)
   defining Unicode char U+00E1 (decimal 225)
   defining Unicode char U+00E2 (decimal 226)
   defining Unicode char U+00E3 (decimal 227)
   defining Unicode char U+00E4 (decimal 228)
   defining Unicode char U+00E5 (decimal 229)
   defining Unicode char U+00E6 (decimal 230)
   defining Unicode char U+00E7 (decimal 231)
   defining Unicode char U+00E8 (decimal 232)
   defining Unicode char U+00E9 (decimal 233)
   defining Unicode char U+00EA (decimal 234)
   defining Unicode char U+00EB (decimal 235)
   defining Unicode char U+00EC (decimal 236)
   defining Unicode char U+00ED (decimal 237)
   defining Unicode char U+00EE (decimal 238)
   defining Unicode char U+00EF (decimal 239)
   defining Unicode char U+00F0 (decimal 240)
   defining Unicode char U+00F1 (decimal 241)
   defining Unicode char U+00F2 (decimal 242)
   defining Unicode char U+00F3 (decimal 243)
   defining Unicode char U+00F4 (decimal 244)
   defining Unicode char U+00F5 (decimal 245)
   defining Unicode char U+00F6 (decimal 246)
   defining Unicode char U+00F8 (decimal 248)
   defining Unicode char U+00F9 (decimal 249)
   defining Unicode char U+00FA (decimal 250)
   defining Unicode char U+00FB (decimal 251)
   defining Unicode char U+00FC (decimal 252)
   defining Unicode char U+00FD (decimal 253)
   defining Unicode char U+00FE (decimal 254)
   defining Unicode char U+00FF (decimal 255)
   defining Unicode char U+0102 (decimal 258)
   defining Unicode char U+0103 (decimal 259)
   defining Unicode char U+0104 (decimal 260)
   defining Unicode char U+0105 (decimal 261)
   defining Unicode char U+0106 (decimal 262)
   defining Unicode char U+0107 (decimal 263)
   defining Unicode char U+010C (decimal 268)
   defining Unicode char U+010D (decimal 269)
   defining Unicode char U+010E (decimal 270)
   defining Unicode char U+010F (decimal 271)
   defining Unicode char U+0110 (decimal 272)
   defining Unicode char U+0111 (decimal 273)
   defining Unicode char U+0118 (decimal 280)
   defining Unicode char U+0119 (decimal 281)
   defining Unicode char U+011A (decimal 282)
   defining Unicode char U+011B (decimal 283)
   defining Unicode char U+011E (decimal 286)
   defining Unicode char U+011F (decimal 287)
   defining Unicode char U+0130 (decimal 304)
   defining Unicode char U+0131 (decimal 305)
   defining Unicode char U+0132 (decimal 306)
   defining Unicode char U+0133 (decimal 307)
   defining Unicode char U+0139 (decimal 313)
   defining Unicode char U+013A (decimal 314)
   defining Unicode char U+013D (decimal 317)
   defining Unicode char U+013E (decimal 318)
   defining Unicode char U+0141 (decimal 321)
   defining Unicode char U+0142 (decimal 322)
   defining Unicode char U+0143 (decimal 323)
   defining Unicode char U+0144 (decimal 324)
   defining Unicode char U+0147 (decimal 327)
   defining Unicode char U+0148 (decimal 328)
   defining Unicode char U+014A (decimal 330)
   defining Unicode char U+014B (decimal 331)
   defining Unicode char U+0150 (decimal 336)
   defining Unicode char U+0151 (decimal 337)
   defining Unicode char U+0152 (decimal 338)
   defining Unicode char U+0153 (decimal 339)
   defining Unicode char U+0154 (decimal 340)
   defining Unicode char U+0155 (decimal 341)
   defining Unicode char U+0158 (decimal 344)
   defining Unicode char U+0159 (decimal 345)
   defining Unicode char U+015A (decimal 346)
   defining Unicode char U+015B (decimal 347)
   defining Unicode char U+015E (decimal 350)
   defining Unicode char U+015F (decimal 351)
   defining Unicode char U+0160 (decimal 352)
   defining Unicode char U+0161 (decimal 353)
   defining Unicode char U+0162 (decimal 354)
   defining Unicode char U+0163 (decimal 355)
   defining Unicode char U+0164 (decimal 356)
   defining Unicode char U+0165 (decimal 357)
   defining Unicode char U+016E (decimal 366)
   defining Unicode char U+016F (decimal 367)
   defining Unicode char U+0170 (decimal 368)
   defining Unicode char U+0171 (decimal 369)
   defining Unicode char U+0178 (decimal 376)
   defining Unicode char U+0179 (decimal 377)
   defining Unicode char U+017A (decimal 378)
   defining Unicode char U+017B (decimal 379)
   defining Unicode char U+017C (decimal 380)
   defining Unicode char U+017D (decimal 381)
   defining Unicode char U+017E (decimal 382)
   defining Unicode char U+200C (decimal 8204)
   defining Unicode char U+2013 (decimal 8211)
   defining Unicode char U+2014 (decimal 8212)
   defining Unicode char U+2018 (decimal 8216)
   defining Unicode char U+2019 (decimal 8217)
   defining Unicode char U+201A (decimal 8218)
   defining Unicode char U+201C (decimal 8220)
   defining Unicode char U+201D (decimal 8221)
   defining Unicode char U+201E (decimal 8222)
   defining Unicode char U+2030 (decimal 8240)
   defining Unicode char U+2031 (decimal 8241)
   defining Unicode char U+2039 (decimal 8249)
   defining Unicode char U+203A (decimal 8250)
   defining Unicode char U+2423 (decimal 9251)
)
Now handling font encoding OT1 ...
... processing UTF-8 mapping file for font encoding OT1

(/usr/share/texlive/texmf-dist/tex/latex/base/ot1enc.dfu
File: ot1enc.dfu 2008/04/05 v1.1m UTF-8 support for inputenc
   defining Unicode char U+00A1 (decimal 161)
   defining Unicode char U+00A3 (decimal 163)
   defining Unicode char U+00B8 (decimal 184)
   defining Unicode char U+00BF (decimal 191)
   defining Unicode char U+00C5 (decimal 197)
   defining Unicode char U+00C6 (decimal 198)
   defining Unicode char U+00D8 (decimal 216)
   defining Unicode char U+00DF (decimal 223)
   defining Unicode char U+00E6 (decimal 230)
   defining Unicode char U+00EC (decimal 236)
   defining Unicode char U+00ED (decimal 237)
   defining Unicode char U+00EE (decimal 238)
   defining Unicode char U+00EF (decimal 239)
   defining Unicode char U+00F8 (decimal 248)
   defining Unicode char U+0131 (decimal 305)
   defining Unicode char U+0141 (decimal 321)
   defining Unicode char U+0142 (decimal 322)
   defining Unicode char U+0152 (decimal 338)
   defining Unicode char U+0153 (decimal 339)
   defining Unicode char U+2013 (decimal 8211)
   defining Unicode char U+2014 (decimal 8212)
   defining Unicode char U+2018 (decimal 8216)
   defining Unicode char U+2019 (decimal 8217)
   defining Unicode char U+201C (decimal 8220)
   defining Unicode char U+201D (decimal 8221)
)
Now handling font encoding OMS ...
... processing UTF-8 mapping file for font encoding OMS

(/usr/share/texlive/texmf-dist/tex/latex/base/omsenc.dfu
File: omsenc.dfu 2008/04/05 v1.1m UTF-8 support for inputenc
   defining Unicode char U+00A7 (decimal 167)
   defining Unicode char U+00B6 (decimal 182)
   defining Unicode char U+00B7 (decimal 183)
   defining Unicode char U+2020 (decimal 8224)
   defining Unicode char U+2021 (decimal 8225)
   defining Unicode char U+2022 (decimal 8226)
)
Now handling font encoding OMX ...
... no UTF-8 mapping file for font encoding OMX
Now handling font encoding U ...
... no UTF-8 mapping file for font encoding U
Now handling font encoding FML ...
... no UTF-8 mapping file for font encoding FML
Now handling font encoding FMS ...
... no UTF-8 mapping file for font encoding FMS
Now handling font encoding FMX ...
... no UTF-8 mapping file for font encoding FMX
Now handling font encoding TS1 ...
... processing UTF-8 mapping file for font encoding TS1

(/usr/share/texlive/texmf-dist/tex/latex/base/ts1enc.dfu
File: ts1enc.dfu 2008/04/05 v1.1m UTF-8 support for inputenc
   defining Unicode char U+00A2 (decimal 162)
   defining Unicode char U+00A3 (decimal 163)
   defining Unicode char U+00A4 (decimal 164)
   defining Unicode char U+00A5 (decimal 165)
   defining Unicode char U+00A6 (decimal 166)
   defining Unicode char U+00A7 (decimal 167)
   defining Unicode char U+00A8 (decimal 168)
   defining Unicode char U+00A9 (decimal 169)
   defining Unicode char U+00AA (decimal 170)
   defining Unicode char U+00AC (decimal 172)
   defining Unicode char U+00AE (decimal 174)
   defining Unicode char U+00AF (decimal 175)
   defining Unicode char U+00B0 (decimal 176)
   defining Unicode char U+00B1 (decimal 177)
   defining Unicode char U+00B2 (decimal 178)
   defining Unicode char U+00B3 (decimal 179)
   defining Unicode char U+00B4 (decimal 180)
   defining Unicode char U+00B5 (decimal 181)
   defining Unicode char U+00B6 (decimal 182)
   defining Unicode char U+00B7 (decimal 183)
   defining Unicode char U+00B9 (decimal 185)
   defining Unicode char U+00BA (decimal 186)
   defining Unicode char U+00BC (decimal 188)
   defining Unicode char U+00BD (decimal 189)
   defining Unicode char U+00BE (decimal 190)
   defining Unicode char U+00D7 (decimal 215)
   defining Unicode char U+00F7 (decimal 247)
   defining Unicode char U+0192 (decimal 402)
   defining Unicode char U+02C7 (decimal 711)
   defining Unicode char U+02D8 (decimal 728)
   defining Unicode char U+02DD (decimal 733)
   defining Unicode char U+0E3F (decimal 3647)
   defining Unicode char U+2016 (decimal 8214)
   defining Unicode char U+2020 (decimal 8224)
   defining Unicode char U+2021 (decimal 8225)
   defining Unicode char U+2022 (decimal 8226)
   defining Unicode char U+2030 (decimal 8240)
   defining Unicode char U+2031 (decimal 8241)
   defining Unicode char U+203B (decimal 8251)
   defining Unicode char U+203D (decimal 8253)
   defining Unicode char U+2044 (decimal 8260)
   defining Unicode char U+204E (decimal 8270)
   defining Unicode char U+2052 (decimal 8274)
   defining Unicode char U+20A1 (decimal 8353)
   defining Unicode char U+20A4 (decimal 8356)
   defining Unicode char U+20A6 (decimal 8358)
   defining Unicode char U+20A9 (decimal 8361)
   defining Unicode char U+20AB (decimal 8363)
   defining Unicode char U+20AC (decimal 8364)
   defining Unicode char U+20B1 (decimal 8369)
   defining Unicode char U+2103 (decimal 8451)
   defining Unicode char U+2116 (decimal 8470)
   defining Unicode char U+2117 (decimal 8471)
   defining Unicode char U+211E (decimal 8478)
   defining Unicode char U+2120 (decimal 8480)
   defining Unicode char U+2122 (decimal 8482)
   defining Unicode char U+2126 (decimal 8486)
   defining Unicode char U+2127 (decimal 8487)
   defining Unicode char U+212E (decimal 8494)
   defining Unicode char U+2190 (decimal 8592)
   defining Unicode char U+2191 (decimal 8593)
   defining Unicode char U+2192 (decimal 8594)
   defining Unicode char U+2193 (decimal 8595)
   defining Unicode char U+2329 (decimal 9001)
   defining Unicode char U+232A (decimal 9002)
   defining Unicode char U+2422 (decimal 9250)
   defining Unicode char U+25E6 (decimal 9702)
   defining Unicode char U+25EF (decimal 9711)
   defining Unicode char U+266A (decimal 9834)
)
   defining Unicode char U+00A9 (decimal 169)
   defining Unicode char U+00AA (decimal 170)
   defining Unicode char U+00AE (decimal 174)
   defining Unicode char U+00BA (decimal 186)
   defining Unicode char U+02C6 (decimal 710)
   defining Unicode char U+02DC (decimal 732)
   defining Unicode char U+200C (decimal 8204)
   defining Unicode char U+2026 (decimal 8230)
   defining Unicode char U+2122 (decimal 8482)
   defining Unicode char U+2423 (decimal 9251)
))
(/usr/share/texlive/texmf-dist/tex/latex/preprint/fullpage.sty
Package: fullpage 1999/02/23 1.1 (PWD)
\FP@margin=\skip49
)
(/usr/share/texlive/texmf-dist/tex/latex/graphics/graphicx.sty
Package: graphicx 1999/02/16 v1.0f Enhanced LaTeX Graphics (DPC,SPQR)

(/usr/share/texlive/texmf-dist/tex/latex/graphics/graphics.sty
Package: graphics 2009/02/05 v1.0o Standard LaTeX Graphics (DPC,SPQR)

(/usr/share/texlive/texmf-dist/tex/latex/graphics/trig.sty
Package: trig 1999/03/16 v1.09 sin cos tan (DPC)
)
(/usr/share/texlive/texmf-dist/tex/latex/latexconfig/graphics.cfg
File: graphics.cfg 2010/04/23 v1.9 graphics configuration of TeX Live
)
Package graphics Info: Driver file: pdftex.def on input line 91.

(/usr/share/texlive/texmf-dist/tex/latex/pdftex-def/pdftex.def
File: pdftex.def 2011/05/27 v0.06d Graphics/color for pdfTeX

(/usr/share/texlive/texmf-dist/tex/generic/oberdiek/infwarerr.sty
Package: infwarerr 2010/04/08 v1.3 Providing info/warning/error messages (HO)
)
(/usr/share/texlive/texmf-dist/tex/generic/oberdiek/ltxcmds.sty
Package: ltxcmds 2011/11/09 v1.22 LaTeX kernel commands for general use (HO)
)
\Gread@gobject=\count103
))
\Gin@req@height=\dimen121
\Gin@req@width=\dimen122
)
(/usr/share/texlive/texmf-dist/tex/latex/graphics/color.sty
Package: color 2005/11/14 v1.0j Standard LaTeX Color (DPC)

(/usr/share/texlive/texmf-dist/tex/latex/latexconfig/color.cfg
File: color.cfg 2007/01/18 v1.5 color configuration of teTeX/TeXLive
)
Package color Info: Driver file: pdftex.def on input line 130.
)
(/usr/share/texlive/texmf-dist/tex/latex/hyperref/hyperref.sty
Package: hyperref 2012/11/06 v6.83m Hypertext links for LaTeX

(/usr/share/texlive/texmf-dist/tex/generic/oberdiek/hobsub-hyperref.sty
Package: hobsub-hyperref 2012/05/28 v1.13 Bundle oberdiek, subset hyperref (HO)


(/usr/share/texlive/texmf-dist/tex/generic/oberdiek/hobsub-generic.sty
Package: hobsub-generic 2012/05/28 v1.13 Bundle oberdiek, subset generic (HO)
Package: hobsub 2012/05/28 v1.13 Construct package bundles (HO)
Package hobsub Info: Skipping package `infwarerr' (already loaded).
Package hobsub Info: Skipping package `ltxcmds' (already loaded).
Package: ifluatex 2010/03/01 v1.3 Provides the ifluatex switch (HO)
Package ifluatex Info: LuaTeX not detected.
Package: ifvtex 2010/03/01 v1.5 Detect VTeX and its facilities (HO)
Package ifvtex Info: VTeX not detected.
Package: intcalc 2007/09/27 v1.1 Expandable calculations with integers (HO)
Package: ifpdf 2011/01/30 v2.3 Provides the ifpdf switch (HO)
Package ifpdf Info: pdfTeX in PDF mode is detected.
Package: etexcmds 2011/02/16 v1.5 Avoid name clashes with e-TeX commands (HO)
Package etexcmds Info: Could not find \expanded.
(etexcmds)             That can mean that you are not using pdfTeX 1.50 or
(etexcmds)             that some package has redefined \expanded.
(etexcmds)             In the latter case, load this package earlier.
Package: kvsetkeys 2012/04/25 v1.16 Key value parser (HO)
Package: kvdefinekeys 2011/04/07 v1.3 Define keys (HO)
Package: pdftexcmds 2011/11/29 v0.20 Utility functions of pdfTeX for LuaTeX (HO
)
Package pdftexcmds Info: LuaTeX not detected.
Package pdftexcmds Info: \pdf@primitive is available.
Package pdftexcmds Info: \pdf@ifprimitive is available.
Package pdftexcmds Info: \pdfdraftmode found.
Package: pdfescape 2011/11/25 v1.13 Implements pdfTeX's escape features (HO)
Package: bigintcalc 2012/04/08 v1.3 Expandable calculations on big integers (HO
)
Package: bitset 2011/01/30 v1.1 Handle bit-vector datatype (HO)
Package: uniquecounter 2011/01/30 v1.2 Provide unlimited unique counter (HO)
)
Package hobsub Info: Skipping package `hobsub' (already loaded).
Package: letltxmacro 2010/09/02 v1.4 Let assignment for LaTeX macros (HO)
Package: hopatch 2012/05/28 v1.2 Wrapper for package hooks (HO)
Package: xcolor-patch 2011/01/30 xcolor patch
Package: atveryend 2011/06/30 v1.8 Hooks at the very end of document (HO)
Package atveryend Info: \enddocument detected (standard20110627).
Package: atbegshi 2011/10/05 v1.16 At begin shipout hook (HO)
Package: refcount 2011/10/16 v3.4 Data extraction from label references (HO)
Package: hycolor 2011/01/30 v1.7 Color options for hyperref/bookmark (HO)
)
(/usr/share/texlive/texmf-dist/tex/generic/ifxetex/ifxetex.sty
Package: ifxetex 2010/09/12 v0.6 Provides ifxetex conditional
)
(/usr/share/texlive/texmf-dist/tex/latex/oberdiek/auxhook.sty
Package: auxhook 2011/03/04 v1.3 Hooks for auxiliary files (HO)
)
(/usr/share/texlive/texmf-dist/tex/latex/oberdiek/kvoptions.sty
Package: kvoptions 2011/06/30 v3.11 Key value format for package options (HO)
)
\@linkdim=\dimen123
\Hy@linkcounter=\count104
\Hy@pagecounter=\count105

(/usr/share/texlive/texmf-dist/tex/latex/hyperref/pd1enc.def
File: pd1enc.def 2012/11/06 v6.83m Hyperref: PDFDocEncoding definition (HO)
Now handling font encoding PD1 ...
... no UTF-8 mapping file for font encoding PD1
)
\Hy@SavedSpaceFactor=\count106

(/usr/share/texlive/texmf-dist/tex/latex/latexconfig/hyperref.cfg
File: hyperref.cfg 2002/06/06 v1.2 hyperref configuration of TeXLive
)
Package hyperref Info: Hyper figures OFF on input line 4443.
Package hyperref Info: Link nesting OFF on input line 4448.
Package hyperref Info: Hyper index ON on input line 4451.
Package hyperref Info: Plain pages OFF on input line 4458.
Package hyperref Info: Backreferencing OFF on input line 4463.
Package hyperref Info: Implicit mode ON; LaTeX internals redefined.
Package hyperref Info: Bookmarks ON on input line 4688.
\c@Hy@tempcnt=\count107

(/usr/share/texlive/texmf-dist/tex/latex/url/url.sty
\Urlmuskip=\muskip11
Package: url 2013/09/16  ver 3.4  Verb mode for urls, etc.
)
LaTeX Info: Redefining \url on input line 5041.
\XeTeXLinkMargin=\dimen124
\Fld@menulength=\count108
\Field@Width=\dimen125
\Fld@charsize=\dimen126
Package hyperref Info: Hyper figures OFF on input line 6295.
Package hyperref Info: Link nesting OFF on input line 6300.
Package hyperref Info: Hyper index ON on input line 6303.
Package hyperref Info: backreferencing OFF on input line 6310.
Package hyperref Info: Link coloring OFF on input line 6315.
Package hyperref Info: Link coloring with OCG OFF on input line 6320.
Package hyperref Info: PDF/A mode OFF on input line 6325.
LaTeX Info: Redefining \ref on input line 6365.
LaTeX Info: Redefining \pageref on input line 6369.
\Hy@abspage=\count109
\c@Item=\count110
\c@Hfootnote=\count111
)

Package hyperref Message: Driver (autodetected): hpdftex.

(/usr/share/texlive/texmf-dist/tex/latex/hyperref/hpdftex.def
File: hpdftex.def 2012/11/06 v6.83m Hyperref driver for pdfTeX
\Fld@listcount=\count112
\c@bookmark@seq@number=\count113

(/usr/share/texlive/texmf-dist/tex/latex/oberdiek/rerunfilecheck.sty
Package: rerunfilecheck 2011/04/15 v1.7 Rerun checks for auxiliary files (HO)
Package uniquecounter Info: New unique counter `rerunfilecheck' on input line 2
82.
)
\Hy@SectionHShift=\skip50
)

Package hyperref Warning: Option `backref' has already been used,
(hyperref)                setting the option has no effect on input line 49.

Package hyperref Info: Option `colorlinks' set `true' on input line 49.
Package hyperref Info: Option `breaklinks' set `true' on input line 49.
(/usr/share/texlive/texmf-dist/tex/latex/oberdiek/hypcap.sty
Package: hypcap 2011/02/16 v1.11 Adjusting the anchors of captions (HO)
)
(/usr/share/texlive/texmf-dist/tex/latex/lipsum/lipsum.sty
Package: lipsum 2011/04/14 v1.2 150 paragraphs of Lorem Ipsum dummy text
\c@lips@count=\count114
)
(/usr/share/texlive/texmf-dist/tex/latex/sectsty/sectsty.sty
Package: sectsty 2002/02/25 v2.0.2 Commands to change all sectional heading sty
les
)
(/usr/share/texlive/texmf-dist/tex/latex/fancyhdr/fancyhdr.sty
\fancy@headwidth=\skip51
\f@ncyO@elh=\skip52
\f@ncyO@erh=\skip53
\f@ncyO@olh=\skip54
\f@ncyO@orh=\skip55
\f@ncyO@elf=\skip56
\f@ncyO@erf=\skip57
\f@ncyO@olf=\skip58
\f@ncyO@orf=\skip59
) (./utkast.aux

LaTeX Warning: Label `Baetens2010' multiply defined.


LaTeX Warning: Label `sec:vo2' multiply defined.


LaTeX Warning: Label `multExpCoeffAt' multiply defined.


LaTeX Warning: Label `fig:2' multiply defined.


LaTeX Warning: Label `sub@fig:2' multiply defined.


LaTeX Warning: Label `fig:2' multiply defined.


LaTeX Warning: Label `sub@fig:2' multiply defined.


LaTeX Warning: Label `fig:2' multiply defined.


LaTeX Warning: Label `sub@fig:2' multiply defined.


LaTeX Warning: Label `fig:' multiply defined.


LaTeX Warning: Label `sub@fig:' multiply defined.


LaTeX Warning: Label `fig:2' multiply defined.


LaTeX Warning: Label `sub@fig:2' multiply defined.


LaTeX Warning: Label `fig:2' multiply defined.


LaTeX Warning: Label `sub@fig:2' multiply defined.


LaTeX Warning: Label `fig:2' multiply defined.


LaTeX Warning: Label `sub@fig:2' multiply defined.


LaTeX Warning: Label `fig:2' multiply defined.


LaTeX Warning: Label `sub@fig:2' multiply defined.


LaTeX Warning: Label `fig:2' multiply defined.


LaTeX Warning: Label `sub@fig:2' multiply defined.


LaTeX Warning: Label `fig:2' multiply defined.


LaTeX Warning: Label `sub@fig:2' multiply defined.


LaTeX Warning: Label `fig:dR10p' multiply defined.


LaTeX Warning: Label `sub@fig:dR10p' multiply defined.


LaTeX Warning: Label `fig:dR15s' multiply defined.


LaTeX Warning: Label `sub@fig:dR15s' multiply defined.


LaTeX Warning: Label `fig:dR' multiply defined.


LaTeX Warning: Label `fig:dR10p' multiply defined.


LaTeX Warning: Label `sub@fig:dR10p' multiply defined.


LaTeX Warning: Label `fig:dR15s' multiply defined.


LaTeX Warning: Label `sub@fig:dR15s' multiply defined.


LaTeX Warning: Label `fig:dR' multiply defined.


LaTeX Warning: Label `fig:RpColor' multiply defined.


LaTeX Warning: Label `fig:RsColor' multiply defined.

)
\openout1 = `utkast.aux'.

LaTeX Font Info:    Checking defaults for OML/cmm/m/it on input line 93.
LaTeX Font Info:    ... okay on input line 93.
LaTeX Font Info:    Checking defaults for T1/cmr/m/n on input line 93.
LaTeX Font Info:    ... okay on input line 93.
LaTeX Font Info:    Checking defaults for OT1/cmr/m/n on input line 93.
LaTeX Font Info:    ... okay on input line 93.
LaTeX Font Info:    Checking defaults for OMS/cmsy/m/n on input line 93.
LaTeX Font Info:    ... okay on input line 93.
LaTeX Font Info:    Checking defaults for OMX/cmex/m/n on input line 93.
LaTeX Font Info:    ... okay on input line 93.
LaTeX Font Info:    Checking defaults for U/cmr/m/n on input line 93.
LaTeX Font Info:    ... okay on input line 93.
LaTeX Font Info:    Checking defaults for FML/futm/m/it on input line 93.
LaTeX Font Info:    Try loading font information for FML+futm on input line 93.

 (/usr/share/texlive/texmf-dist/tex/latex/fourier/fmlfutm.fd
File: fmlfutm.fd 2004/10/30 Fontinst v1.926 font definitions for FML/futm.
)
LaTeX Font Info:    ... okay on input line 93.
LaTeX Font Info:    Checking defaults for FMS/futm/m/n on input line 93.
LaTeX Font Info:    Try loading font information for FMS+futm on input line 93.


(/usr/share/texlive/texmf-dist/tex/latex/fourier/fmsfutm.fd
File: fmsfutm.fd 2004/10/30 Fontinst v1.926 font definitions for FMS/futm.
)
LaTeX Font Info:    ... okay on input line 93.
LaTeX Font Info:    Checking defaults for FMX/futm/m/n on input line 93.
LaTeX Font Info:    Try loading font information for FMX+futm on input line 93.


(/usr/share/texlive/texmf-dist/tex/latex/fourier/fmxfutm.fd
File: fmxfutm.fd futm-extension
)
LaTeX Font Info:    ... okay on input line 93.
LaTeX Font Info:    Checking defaults for TS1/cmr/m/n on input line 93.
LaTeX Font Info:    Try loading font information for TS1+cmr on input line 93.

(/usr/share/texlive/texmf-dist/tex/latex/base/ts1cmr.fd
File: ts1cmr.fd 1999/05/25 v2.5h Standard LaTeX font definitions
)
LaTeX Font Info:    ... okay on input line 93.
LaTeX Font Info:    Checking defaults for PD1/pdf/m/n on input line 93.
LaTeX Font Info:    ... okay on input line 93.
LaTeX Font Info:    Try loading font information for T1+futs on input line 93.

(/usr/share/texlive/texmf-dist/tex/latex/fourier/t1futs.fd
File: t1futs.fd 2004/03/02 Fontinst v1.926 font definitions for T1/futs.
)
Package caption Info: Begin \AtBeginDocument code.
Package caption Info: hyperref package is loaded.
Package caption Info: hypcap package is loaded.
Package caption Info: End \AtBeginDocument code.

(/usr/share/texlive/texmf-dist/tex/context/base/supp-pdf.mkii
[Loading MPS to PDF converter (version 2006.09.02).]
\scratchcounter=\count115
\scratchdimen=\dimen127
\scratchbox=\box28
\nofMPsegments=\count116
\nofMParguments=\count117
\everyMPshowfont=\toks28
\MPscratchCnt=\count118
\MPscratchDim=\dimen128
\MPnumerator=\count119
\makeMPintoPDFobject=\count120
\everyMPtoPDFconversion=\toks29
) (/usr/share/texlive/texmf-dist/tex/latex/oberdiek/epstopdf-base.sty
Package: epstopdf-base 2010/02/09 v2.5 Base part for package epstopdf

(/usr/share/texlive/texmf-dist/tex/latex/oberdiek/grfext.sty
Package: grfext 2010/08/19 v1.1 Manage graphics extensions (HO)
)
Package grfext Info: Graphics extension search list:
(grfext)             [.png,.pdf,.jpg,.mps,.jpeg,.jbig2,.jb2,.PNG,.PDF,.JPG,.JPE
G,.JBIG2,.JB2,.eps]
(grfext)             \AppendGraphicsExtensions on input line 452.

(/usr/share/texlive/texmf-dist/tex/latex/latexconfig/epstopdf-sys.cfg
File: epstopdf-sys.cfg 2010/07/13 v1.3 Configuration of (r)epstopdf for TeX Liv
e
))
\AtBeginShipoutBox=\box29
Package hyperref Info: Link coloring ON on input line 93.

(/usr/share/texlive/texmf-dist/tex/latex/hyperref/nameref.sty
Package: nameref 2012/10/27 v2.43 Cross-referencing by name of section

(/usr/share/texlive/texmf-dist/tex/generic/oberdiek/gettitlestring.sty
Package: gettitlestring 2010/12/03 v1.4 Cleanup title references (HO)
)
\c@section@level=\count121
)
LaTeX Info: Redefining \ref on input line 93.
LaTeX Info: Redefining \pageref on input line 93.
LaTeX Info: Redefining \nameref on input line 93.

(./utkast.out) (./utkast.out)
\@outlinefile=\write3
\openout3 = `utkast.out'.

LaTeX Font Info:    Try loading font information for FML+futmi on input line 97
.

(/usr/share/texlive/texmf-dist/tex/latex/fourier/fmlfutmi.fd
File: fmlfutmi.fd 2004/10/30 Fontinst v1.926 font definitions for FML/futmi.
)
LaTeX Font Info:    Font shape `FMX/futm/m/n' will be
(Font)              scaled to size 11.03998pt on input line 97.
LaTeX Font Info:    Font shape `FMX/futm/m/n' will be
(Font)              scaled to size 8.27998pt on input line 97.
LaTeX Font Info:    Font shape `FMX/futm/m/n' will be
(Font)              scaled to size 6.43999pt on input line 97.
LaTeX Font Info:    Font shape `U/futm/m/n' will be
(Font)              scaled to size 11.03998pt on input line 97.
LaTeX Font Info:    Font shape `U/futm/m/n' will be
(Font)              scaled to size 8.27998pt on input line 97.
LaTeX Font Info:    Font shape `U/futm/m/n' will be
(Font)              scaled to size 6.43999pt on input line 97.
LaTeX Font Info:    Try loading font information for U+msa on input line 97.

(/usr/share/texlive/texmf-dist/tex/latex/amsfonts/umsa.fd
File: umsa.fd 2013/01/14 v3.01 AMS symbols A
)
LaTeX Font Info:    Try loading font information for U+msb on input line 97.

(/usr/share/texlive/texmf-dist/tex/latex/amsfonts/umsb.fd
File: umsb.fd 2013/01/14 v3.01 AMS symbols B
)
LaTeX Font Info:    Font shape `T1/futs/bx/n' in size <9> not available
(Font)              Font shape `T1/futs/b/n' tried instead on input line 104.
 (./introduction.tex
LaTeX Font Info:    Font shape `T1/futs/bx/n' in size <14.4> not available
(Font)              Font shape `T1/futs/b/n' tried instead on input line 1.
LaTeX Font Info:    Font shape `T1/futs/bx/sc' in size <14.4> not available
(Font)              Font shape `T1/futs/b/sc' tried instead on input line 1.
LaTeX Font Info:    Font shape `FMX/futm/m/n' will be
(Font)              scaled to size 6.99199pt on input line 26.
LaTeX Font Info:    Font shape `FMX/futm/m/n' will be
(Font)              scaled to size 5.51999pt on input line 26.
LaTeX Font Info:    Font shape `U/futm/m/n' will be
(Font)              scaled to size 6.99199pt on input line 26.
LaTeX Font Info:    Font shape `U/futm/m/n' will be
(Font)              scaled to size 5.51999pt on input line 26.

Underfull \hbox (badness 10000) in paragraph at lines 2--109

 []


Underfull \hbox (badness 10000) in paragraph at lines 2--109

 []

[1

{/var/lib/texmf/fonts/map/pdftex/updmap/pdftex.map}]) [2] (./TCtheory.tex
LaTeX Font Info:    Font shape `T1/futs/bx/n' in size <12> not available
(Font)              Font shape `T1/futs/b/n' tried instead on input line 2.

<Figures/chromicGlassComparison.pdf, id=165, 680.4688pt x 549.54474pt>
File: Figures/chromicGlassComparison.pdf Graphic file (type pdf)

<use Figures/chromicGlassComparison.pdf>
Package pdftex.def Info: Figures/chromicGlassComparison.pdf used on input line 
44.
(pdftex.def)             Requested size: 234.8775pt x 189.68538pt.
 [3 <./Figures/chromicGlassComparison.pdf>]
Underfull \hbox (badness 10000) in paragraph at lines 99--162

 []


Underfull \hbox (badness 10000) in paragraph at lines 99--162

 []


Underfull \hbox (badness 10000) in paragraph at lines 99--162

 []

[4] <Figures/TCcoating2.pdf, id=258, 605.96039pt x 283.23064pt>
File: Figures/TCcoating2.pdf Graphic file (type pdf)

<use Figures/TCcoating2.pdf>
Package pdftex.def Info: Figures/TCcoating2.pdf used on input line 177.
(pdftex.def)             Requested size: 422.77664pt x 197.61182pt.

<Figures/TCWtransmittanceMcCluney1996andKamali2013.pdf, id=262, 748.1103pt x 64
6.02077pt>
File: Figures/TCWtransmittanceMcCluney1996andKamali2013.pdf Graphic file (type 
pdf)
 <use Figures/TCWtransmittanceMcCluney1996andKamali2013.pdf>
Package pdftex.def Info: Figures/TCWtransmittanceMcCluney1996andKamali2013.pdf 
used on input line 202.
(pdftex.def)             Requested size: 234.8775pt x 202.8273pt.
LaTeX Font Info:    Font shape `FMX/futm/m/n' will be
(Font)              scaled to size 9.19998pt on input line 229.
LaTeX Font Info:    Font shape `U/futm/m/n' will be
(Font)              scaled to size 9.19998pt on input line 229.
LaTeX Font Info:    Font shape `T1/futs/bx/n' in size <10> not available
(Font)              Font shape `T1/futs/b/n' tried instead on input line 231.

Underfull \hbox (badness 10000) in paragraph at lines 170--248

 []


Underfull \hbox (badness 10000) in paragraph at lines 170--248

 []


Underfull \hbox (badness 10000) in paragraph at lines 170--248

 []


Underfull \hbox (badness 10000) in paragraph at lines 170--248

 []


LaTeX Warning: `!h' float specifier changed to `!ht'.

[5 <./Figures/TCcoating2.pdf>]pdfTeX warning (ext4): destination with the same 
identifier (name{cite.Baetens2010}) has been already used, duplicate ignored
<to be read again> 
                   \relax 
l.349       \bibitem{Baetens2010}
                                 
Underfull \hbox (badness 3815) in paragraph at lines 361--364
[]\T1/futs/m/n/9 White MA, LeBlanc M. Ther-mochromism in com-mer-cial prod-ucts
. Jour-nal of Chem-i-cal Ed-u-ca-tion
 []

[6 <./Figures/TCWtransmittanceMcCluney1996andKamali2013.pdf>]) (./vo2.tex

Package hyperref Warning: Token not allowed in a PDF string (PDFDocEncoding):
(hyperref)                removing `math shift' on input line 1.


Package hyperref Warning: Token not allowed in a PDF string (PDFDocEncoding):
(hyperref)                removing `subscript' on input line 1.


Package hyperref Warning: Token not allowed in a PDF string (PDFDocEncoding):
(hyperref)                removing `math shift' on input line 1.


Underfull \hbox (badness 10000) in paragraph at lines 2--38

 []


Package hyperref Warning: Token not allowed in a PDF string (PDFDocEncoding):
(hyperref)                removing `math shift' on input line 71.


Package hyperref Warning: Token not allowed in a PDF string (PDFDocEncoding):
(hyperref)                removing `subscript' on input line 71.


Package hyperref Warning: Token not allowed in a PDF string (PDFDocEncoding):
(hyperref)                removing `math shift' on input line 71.

) [7] (./theory.tex
<Figures/DrudeModel.pdf, id=361, 632.35202pt x 599.44301pt>
File: Figures/DrudeModel.pdf Graphic file (type pdf)

<use Figures/DrudeModel.pdf>
Package pdftex.def Info: Figures/DrudeModel.pdf used on input line 33.
(pdftex.def)             Requested size: 187.89914pt x 178.1147pt.
 [8 <./Figures/DrudeModel.pdf>]
Underfull \hbox (badness 10000) in paragraph at lines 153--167

 []


Underfull \hbox (badness 10000) in paragraph at lines 153--167

 []

[9] [10]

LaTeX Warning: Reference `sec:freqDepEpsilon' on page 11 undefined on input lin
e 278.


<Figures/polarizationContributionToPermittivity.pdf, id=499, 1115.17973pt x 715
.91966pt>
File: Figures/polarizationContributionToPermittivity.pdf Graphic file (type pdf
)
 <use Figures/polarizationContributionToPermittivity.pdf>
Package pdftex.def Info: Figures/polarizationContributionToPermittivity.pdf use
d on input line 290.
(pdftex.def)             Requested size: 469.75502pt x 301.56905pt.

Underfull \hbox (badness 10000) in paragraph at lines 278--316

 []


LaTeX Warning: `!h' float specifier changed to `!ht'.

[11] <Figures/dielectricResonance.pdf, id=517, 1493.27882pt x 543.83174pt>
File: Figures/dielectricResonance.pdf Graphic file (type pdf)

<use Figures/dielectricResonance.pdf>
Package pdftex.def Info: Figures/dielectricResonance.pdf used on input line 371
.
(pdftex.def)             Requested size: 469.75502pt x 171.07555pt.

Underfull \hbox (badness 10000) in paragraph at lines 366--392

 []


LaTeX Warning: `!h' float specifier changed to `!ht'.

[12 <./Figures/polarizationContributionToPermittivity.pdf>]
<Figures/bandstructureVSdielectric.pdf, id=678, 953.73845pt x 409.2133pt>
File: Figures/bandstructureVSdielectric.pdf Graphic file (type pdf)

<use Figures/bandstructureVSdielectric.pdf>
Package pdftex.def Info: Figures/bandstructureVSdielectric.pdf used on input li
ne 423.
(pdftex.def)             Requested size: 469.75502pt x 201.55278pt.

Underfull \hbox (badness 10000) in paragraph at lines 404--438

 []


LaTeX Warning: `!h' float specifier changed to `!ht'.

<Figures/electricFieldcoord.pdf, id=681, 295.88937pt x 275.32706pt>
File: Figures/electricFieldcoord.pdf Graphic file (type pdf)

<use Figures/electricFieldcoord.pdf>
Package pdftex.def Info: Figures/electricFieldcoord.pdf used on input line 450.

(pdftex.def)             Requested size: 234.8775pt x 218.56467pt.


LaTeX Warning: `!h' float specifier changed to `!ht'.

[13 <./Figures/dielectricResonance.pdf>] [14 <./Figures/bandstructureVSdielectr
ic.pdf> <./Figures/electricFieldcoord.pdf

pdfTeX warning: pdflatex (file ./Figures/electricFieldcoord.pdf): PDF inclusion
: multiple pdfs with page group included in a single page
>]
Underfull \hbox (badness 10000) in paragraph at lines 485--502

 []

) (./granfilmTheory.tex
<Figures/flatSurfaceScattering.pdf, id=812, 1029.64839pt x 471.93814pt>
File: Figures/flatSurfaceScattering.pdf Graphic file (type pdf)

<use Figures/flatSurfaceScattering.pdf>
Package pdftex.def Info: Figures/flatSurfaceScattering.pdf used on input line 1
9.
(pdftex.def)             Requested size: 469.75502pt x 215.31548pt.


LaTeX Warning: `!h' float specifier changed to `!ht'.

[15]
Underfull \hbox (badness 10000) in paragraph at lines 99--115

 []

[16 <./Figures/flatSurfaceScattering.pdf>]
<Figures/excessFields.pdf, id=902, 803.24353pt x 433.82076pt>
File: Figures/excessFields.pdf Graphic file (type pdf)

<use Figures/excessFields.pdf>
Package pdftex.def Info: Figures/excessFields.pdf used on input line 140.
(pdftex.def)             Requested size: 469.75502pt x 253.7146pt.


LaTeX Warning: `!h' float specifier changed to `!ht'.

[17] [18 <./Figures/excessFields.pdf>]
Underfull \hbox (badness 10000) in paragraph at lines 310--343

 []


LaTeX Warning: Citation `LieL2010' on page 19 undefined on input line 350.


Underfull \hbox (badness 10000) in paragraph at lines 358--373

 []


Underfull \hbox (badness 10000) in paragraph at lines 358--373

 []

[19] <Figures/filmGeometry.pdf, id=1008, 965.51768pt x 432.01399pt>
File: Figures/filmGeometry.pdf Graphic file (type pdf)

<use Figures/filmGeometry.pdf>
Package pdftex.def Info: Figures/filmGeometry.pdf used on input line 416.
(pdftex.def)             Requested size: 469.75502pt x 210.18573pt.


LaTeX Warning: `!h' float specifier changed to `!ht'.


Underfull \hbox (badness 10000) in paragraph at lines 461--484

 []

[20] [21 <./Figures/filmGeometry.pdf>]

LaTeX Warning: Citation `Lie2010' on page 22 undefined on input line 537.

<Figures/quasiStaticApprox3.pdf, id=1088, 907.14261pt x 318.4899pt>
File: Figures/quasiStaticApprox3.pdf Graphic file (type pdf)

<use Figures/quasiStaticApprox3.pdf>
Package pdftex.def Info: Figures/quasiStaticApprox3.pdf used on input line 550.

(pdftex.def)             Requested size: 469.75502pt x 164.9256pt.
 [22 <./Figures/quasiStaticApprox3.pdf>])
[23] (./method.tex
LaTeX Font Info:    Try loading font information for T1+cmtt on input line 8.
 (/usr/share/texlive/texmf-dist/tex/latex/base/t1cmtt.fd
File: t1cmtt.fd 1999/05/25 v2.5h Standard LaTeX font definitions
)
Overfull \hbox (9.67142pt too wide) in paragraph at lines 2--45
\T1/futs/m/n/9 tions. \T1/futs/m/sc/9 En-gauge Dig-i-tizer \T1/futs/m/n/9 is a 
open source dig-i-tiz-ing soft-ware and can be found on http://digitizer.source
forge.net/.
 []


Underfull \hbox (badness 10000) in paragraph at lines 2--45

 []


Underfull \hbox (badness 10000) in paragraph at lines 2--45

 []


Underfull \hbox (badness 10000) in paragraph at lines 2--45

 []


Underfull \hbox (badness 10000) in paragraph at lines 2--45

 []


Underfull \hbox (badness 10000) in paragraph at lines 2--45

 []

<Figures/simulation1.pdf, id=1295, 1040.45844pt x 575.78938pt>
File: Figures/simulation1.pdf Graphic file (type pdf)

<use Figures/simulation1.pdf>
Package pdftex.def Info: Figures/simulation1.pdf used on input line 60.
(pdftex.def)             Requested size: 422.77664pt x 233.96657pt.


LaTeX Warning: `!h' float specifier changed to `!ht'.

LaTeX Font Info:    Try loading font information for TS1+futs on input line 81.

(/usr/share/texlive/texmf-dist/tex/latex/fourier/ts1futs.fd
File: ts1futs.fd 2004/03/26 Fontinst v1.926 font definitions for TS1/futs.
) [24]) [25 <./Figures/simulation1.pdf>] (./results.tex
<Results/interpPermittivity.png, id=1393, 1734.48pt x 897.5934pt>
File: Results/interpPermittivity.png Graphic file (type png)

<use Results/interpPermittivity.png>
Package pdftex.def Info: Results/interpPermittivity.png used on input line 12.
(pdftex.def)             Requested size: 516.73338pt x 267.40372pt.

Overfull \hbox (46.97836pt too wide) in paragraph at lines 12--16
 [][] 
 []

<Results/Sim1/dR.pdf, id=1397, 728.7225pt x 584.1825pt>
File: Results/Sim1/dR.pdf Graphic file (type pdf)

<use Results/Sim1/dR.pdf>
Package pdftex.def Info: Results/Sim1/dR.pdf used on input line 25.
(pdftex.def)             Requested size: 230.18253pt x 184.52655pt.

<Results/Sim2/dR.pdf, id=1398, 728.7225pt x 584.1825pt>
File: Results/Sim2/dR.pdf Graphic file (type pdf)

<use Results/Sim2/dR.pdf>
Package pdftex.def Info: Results/Sim2/dR.pdf used on input line 32.
(pdftex.def)             Requested size: 230.18253pt x 184.52655pt.

<Results/Sim3/dR.pdf, id=1399, 728.7225pt x 584.1825pt>
File: Results/Sim3/dR.pdf Graphic file (type pdf)

<use Results/Sim3/dR.pdf>
Package pdftex.def Info: Results/Sim3/dR.pdf used on input line 39.
(pdftex.def)             Requested size: 230.18253pt x 184.52655pt.

<Results/Sim4/dR.pdf, id=1400, 728.7225pt x 584.1825pt>
File: Results/Sim4/dR.pdf Graphic file (type pdf)

<use Results/Sim4/dR.pdf>
Package pdftex.def Info: Results/Sim4/dR.pdf used on input line 46.
(pdftex.def)             Requested size: 230.18253pt x 184.52655pt.


LaTeX Warning: `!h' float specifier changed to `!ht'.

<Results/Sim1/dR_lowE.pdf, id=1403, 728.7225pt x 584.1825pt>
File: Results/Sim1/dR_lowE.pdf Graphic file (type pdf)

<use Results/Sim1/dR_lowE.pdf>
Package pdftex.def Info: Results/Sim1/dR_lowE.pdf used on input line 66.
(pdftex.def)             Requested size: 230.18253pt x 184.52655pt.

<Results/Sim2/dR_lowE.pdf, id=1404, 728.7225pt x 584.1825pt>
File: Results/Sim2/dR_lowE.pdf Graphic file (type pdf)

<use Results/Sim2/dR_lowE.pdf>
Package pdftex.def Info: Results/Sim2/dR_lowE.pdf used on input line 73.
(pdftex.def)             Requested size: 230.18253pt x 184.52655pt.

<Results/Sim3/dR_lowE.pdf, id=1405, 728.7225pt x 584.1825pt>
File: Results/Sim3/dR_lowE.pdf Graphic file (type pdf)

<use Results/Sim3/dR_lowE.pdf>
Package pdftex.def Info: Results/Sim3/dR_lowE.pdf used on input line 80.
(pdftex.def)             Requested size: 230.18253pt x 184.52655pt.

<Results/Sim4/dR_lowE.pdf, id=1406, 728.7225pt x 584.1825pt>
File: Results/Sim4/dR_lowE.pdf Graphic file (type pdf)

<use Results/Sim4/dR_lowE.pdf>
Package pdftex.def Info: Results/Sim4/dR_lowE.pdf used on input line 87.
(pdftex.def)             Requested size: 230.18253pt x 184.52655pt.


LaTeX Warning: `!h' float specifier changed to `!ht'.

<Results/Sim1/dR_IRpeak_amp2.pdf, id=1411, 367.3725pt x 295.1025pt>
File: Results/Sim1/dR_IRpeak_amp2.pdf Graphic file (type pdf)

<use Results/Sim1/dR_IRpeak_amp2.pdf>
Package pdftex.def Info: Results/Sim1/dR_IRpeak_amp2.pdf used on input line 110
.
(pdftex.def)             Requested size: 230.18253pt x 184.90239pt.

<Results/Sim2/dR_IRpeak_amp2.pdf, id=1412, 367.3725pt x 295.1025pt>
File: Results/Sim2/dR_IRpeak_amp2.pdf Graphic file (type pdf)

<use Results/Sim2/dR_IRpeak_amp2.pdf>
Package pdftex.def Info: Results/Sim2/dR_IRpeak_amp2.pdf used on input line 117
.
(pdftex.def)             Requested size: 230.18253pt x 184.90239pt.

<Results/Sim3/dR_IRpeak_amp2.pdf, id=1413, 367.3725pt x 295.1025pt>
File: Results/Sim3/dR_IRpeak_amp2.pdf Graphic file (type pdf)

<use Results/Sim3/dR_IRpeak_amp2.pdf>
Package pdftex.def Info: Results/Sim3/dR_IRpeak_amp2.pdf used on input line 124
.
(pdftex.def)             Requested size: 230.18253pt x 184.90239pt.

<Results/Sim4/dR_IRpeak_amp2.pdf, id=1414, 367.3725pt x 295.1025pt>
File: Results/Sim4/dR_IRpeak_amp2.pdf Graphic file (type pdf)

<use Results/Sim4/dR_IRpeak_amp2.pdf>
Package pdftex.def Info: Results/Sim4/dR_IRpeak_amp2.pdf used on input line 131
.
(pdftex.def)             Requested size: 230.18253pt x 184.90239pt.


LaTeX Warning: `!h' float specifier changed to `!ht'.

[26 <./Results/interpPermittivity.png>]

Package hyperref Warning: Token not allowed in a PDF string (PDFDocEncoding):
(hyperref)                removing `math shift' on input line 147.


Package hyperref Warning: Token not allowed in a PDF string (PDFDocEncoding):
(hyperref)                removing `math shift' on input line 147.

<Results/Sim3/re_alpha_parallel.pdf, id=1432, 728.7225pt x 584.1825pt>
File: Results/Sim3/re_alpha_parallel.pdf Graphic file (type pdf)

<use Results/Sim3/re_alpha_parallel.pdf>
Package pdftex.def Info: Results/Sim3/re_alpha_parallel.pdf used on input line 
154.
(pdftex.def)             Requested size: 230.18253pt x 184.52655pt.

<Results/Sim3/im_alpha_parallel.pdf, id=1433, 728.7225pt x 584.1825pt>
File: Results/Sim3/im_alpha_parallel.pdf Graphic file (type pdf)

<use Results/Sim3/im_alpha_parallel.pdf>
Package pdftex.def Info: Results/Sim3/im_alpha_parallel.pdf used on input line 
161.
(pdftex.def)             Requested size: 230.18253pt x 184.52655pt.

<Results/Sim3/re_gamma.pdf, id=1434, 728.7225pt x 584.1825pt>
File: Results/Sim3/re_gamma.pdf Graphic file (type pdf)

<use Results/Sim3/re_gamma.pdf>
Package pdftex.def Info: Results/Sim3/re_gamma.pdf used on input line 168.
(pdftex.def)             Requested size: 230.18253pt x 184.52655pt.

<Results/Sim3/im_gamma.pdf, id=1435, 728.7225pt x 584.1825pt>
File: Results/Sim3/im_gamma.pdf Graphic file (type pdf)

<use Results/Sim3/im_gamma.pdf>
Package pdftex.def Info: Results/Sim3/im_gamma.pdf used on input line 175.
(pdftex.def)             Requested size: 230.18253pt x 184.52655pt.


LaTeX Warning: `!h' float specifier changed to `!ht'.

<Results/Sim3/re_alpha_perp.pdf, id=1436, 728.7225pt x 584.1825pt>
File: Results/Sim3/re_alpha_perp.pdf Graphic file (type pdf)

<use Results/Sim3/re_alpha_perp.pdf>
Package pdftex.def Info: Results/Sim3/re_alpha_perp.pdf used on input line 190.

(pdftex.def)             Requested size: 230.18253pt x 184.52655pt.

<Results/Sim3/im_alpha_perp.pdf, id=1437, 728.7225pt x 584.1825pt>
File: Results/Sim3/im_alpha_perp.pdf Graphic file (type pdf)

<use Results/Sim3/im_alpha_perp.pdf>
Package pdftex.def Info: Results/Sim3/im_alpha_perp.pdf used on input line 197.

(pdftex.def)             Requested size: 230.18253pt x 184.52655pt.

<Results/Sim3/re_beta.pdf, id=1438, 728.7225pt x 584.1825pt>
File: Results/Sim3/re_beta.pdf Graphic file (type pdf)

<use Results/Sim3/re_beta.pdf>
Package pdftex.def Info: Results/Sim3/re_beta.pdf used on input line 204.
(pdftex.def)             Requested size: 230.18253pt x 184.52655pt.

<Results/Sim3/im_beta.pdf, id=1439, 728.7225pt x 584.1825pt>
File: Results/Sim3/im_beta.pdf Graphic file (type pdf)

<use Results/Sim3/im_beta.pdf>
Package pdftex.def Info: Results/Sim3/im_beta.pdf used on input line 211.
(pdftex.def)             Requested size: 230.18253pt x 184.52655pt.


LaTeX Warning: `!h' float specifier changed to `!ht'.

<Results/Sim3/real_gammaDalpha.pdf, id=1442, 728.7225pt x 584.1825pt>
File: Results/Sim3/real_gammaDalpha.pdf Graphic file (type pdf)

<use Results/Sim3/real_gammaDalpha.pdf>
Package pdftex.def Info: Results/Sim3/real_gammaDalpha.pdf used on input line 2
31.
(pdftex.def)             Requested size: 230.18253pt x 184.52655pt.

<Results/Sim3/im_gammaDalpha.pdf, id=1443, 728.7225pt x 584.1825pt>
File: Results/Sim3/im_gammaDalpha.pdf Graphic file (type pdf)

<use Results/Sim3/im_gammaDalpha.pdf>
Package pdftex.def Info: Results/Sim3/im_gammaDalpha.pdf used on input line 238
.
(pdftex.def)             Requested size: 230.18253pt x 184.52655pt.

<Results/Sim3/real_betaDalpha.pdf, id=1444, 728.7225pt x 584.1825pt>
File: Results/Sim3/real_betaDalpha.pdf Graphic file (type pdf)

<use Results/Sim3/real_betaDalpha.pdf>
Package pdftex.def Info: Results/Sim3/real_betaDalpha.pdf used on input line 24
5.
(pdftex.def)             Requested size: 230.18253pt x 184.52655pt.

<Results/Sim3/im_betaDalpha.pdf, id=1445, 728.7225pt x 584.1825pt>
File: Results/Sim3/im_betaDalpha.pdf Graphic file (type pdf)

<use Results/Sim3/im_betaDalpha.pdf>
Package pdftex.def Info: Results/Sim3/im_betaDalpha.pdf used on input line 252.

(pdftex.def)             Requested size: 230.18253pt x 184.52655pt.


LaTeX Warning: `!h' float specifier changed to `!ht'.

<Results/Sim3/integratedReflectance.pdf, id=1446, 1280.9857pt x 439.04024pt>
File: Results/Sim3/integratedReflectance.pdf Graphic file (type pdf)

<use Results/Sim3/integratedReflectance.pdf>
Package pdftex.def Info: Results/Sim3/integratedReflectance.pdf used on input l
ine 268.
(pdftex.def)             Requested size: 469.75502pt x 169.5387pt.

<Results/Sim3/integratedReflectance_theta0.pdf, id=1448, 1276.77pt x 440.84702p
t>
File: Results/Sim3/integratedReflectance_theta0.pdf Graphic file (type pdf)
 <use Results/Sim3/integratedReflectance_theta0.pdf>
Package pdftex.def Info: Results/Sim3/integratedReflectance_theta0.pdf used on 
input line 275.
(pdftex.def)             Requested size: 469.75502pt x 170.97462pt.


LaTeX Warning: `!h' float specifier changed to `!ht'.


<Results/Sim3/integratedTransmittance.pdf, id=1450, 1146.68402pt x 393.87149pt>
File: Results/Sim3/integratedTransmittance.pdf Graphic file (type pdf)
<use Results/Sim3/integratedTransmittance.pdf>
Package pdftex.def Info: Results/Sim3/integratedTransmittance.pdf used on input
 line 292.
(pdftex.def)             Requested size: 469.75502pt x 172.92882pt.

<Results/Sim3/integratedTransmittance_theta0.pdf, id=1452, 1146.68402pt x 396.8
8275pt>
File: Results/Sim3/integratedTransmittance_theta0.pdf Graphic file (type pdf)
 <use Results/Sim3/integratedTransmittance_theta0.pdf>
Package pdftex.def Info: Results/Sim3/integratedTransmittance_theta0.pdf used o
n input line 299.
(pdftex.def)             Requested size: 469.75502pt x 174.39967pt.


LaTeX Warning: `!h' float specifier changed to `!ht'.

) (./colorResults.tex
<Results/Sim3/Rp_color25C.pdf, id=1454, 587.19376pt x 442.65375pt>
File: Results/Sim3/Rp_color25C.pdf Graphic file (type pdf)

<use Results/Sim3/Rp_color25C.pdf>
Package pdftex.def Info: Results/Sim3/Rp_color25C.pdf used on input line 7.
(pdftex.def)             Requested size: 230.18253pt x 173.51907pt.

<Results/Sim3/Rp_color80C.pdf, id=1455, 587.19376pt x 442.65375pt>
File: Results/Sim3/Rp_color80C.pdf Graphic file (type pdf)

<use Results/Sim3/Rp_color80C.pdf>
Package pdftex.def Info: Results/Sim3/Rp_color80C.pdf used on input line 14.
(pdftex.def)             Requested size: 230.18253pt x 173.51907pt.


LaTeX Warning: `!h' float specifier changed to `!ht'.

<Results/Sim3/Rs_color25C.pdf, id=1456, 587.19376pt x 442.65375pt>
File: Results/Sim3/Rs_color25C.pdf Graphic file (type pdf)

<use Results/Sim3/Rs_color25C.pdf>
Package pdftex.def Info: Results/Sim3/Rs_color25C.pdf used on input line 30.
(pdftex.def)             Requested size: 230.18253pt x 173.51907pt.
File: Results/Sim3/Rp_color80C.pdf Graphic file (type pdf)
 <use Results/Sim3/Rp_color80C.pdf>
Package pdftex.def Info: Results/Sim3/Rp_color80C.pdf used on input line 37.
(pdftex.def)             Requested size: 230.18253pt x 173.51907pt.


LaTeX Warning: `!h' float specifier changed to `!ht'.

<Results/Sim3/Rp_color.pdf, id=1457, 367.3725pt x 295.1025pt>
File: Results/Sim3/Rp_color.pdf Graphic file (type pdf)

<use Results/Sim3/Rp_color.pdf>
Package pdftex.def Info: Results/Sim3/Rp_color.pdf used on input line 53.
(pdftex.def)             Requested size: 230.18253pt x 184.90239pt.

<Results/Sim3/Rs_color.pdf, id=1458, 367.3725pt x 295.1025pt>
File: Results/Sim3/Rs_color.pdf Graphic file (type pdf)

<use Results/Sim3/Rs_color.pdf>
Package pdftex.def Info: Results/Sim3/Rs_color.pdf used on input line 60.
(pdftex.def)             Requested size: 230.18253pt x 184.90239pt.


LaTeX Warning: `!h' float specifier changed to `!ht'.

) [27 <./Results/Sim1/dR.pdf> <./Results/Sim2/dR.pdf

pdfTeX warning: pdflatex (file ./Results/Sim2/dR.pdf): PDF inclusion: multiple 
pdfs with page group included in a single page
> <./Results/Sim3/dR.pdf

pdfTeX warning: pdflatex (file ./Results/Sim3/dR.pdf): PDF inclusion: multiple 
pdfs with page group included in a single page
> <./Results/Sim4/dR.pdf

pdfTeX warning: pdflatex (file ./Results/Sim4/dR.pdf): PDF inclusion: multiple 
pdfs with page group included in a single page
>] (./discussion.tex

LaTeX Warning: Reference `sec:freqDepEpsilon' on page 28 undefined on input lin
e 8.


Underfull \hbox (badness 10000) in paragraph at lines 2--37

 []


Underfull \hbox (badness 10000) in paragraph at lines 2--37

 []

[28 <./Results/Sim1/dR_lowE.pdf> <./Results/Sim2/dR_lowE.pdf

pdfTeX warning: pdflatex (file ./Results/Sim2/dR_lowE.pdf): PDF inclusion: mult
iple pdfs with page group included in a single page
> <./Results/Sim3/dR_lowE.pdf

pdfTeX warning: pdflatex (file ./Results/Sim3/dR_lowE.pdf): PDF inclusion: mult
iple pdfs with page group included in a single page
> <./Results/Sim4/dR_lowE.pdf

pdfTeX warning: pdflatex (file ./Results/Sim4/dR_lowE.pdf): PDF inclusion: mult
iple pdfs with page group included in a single page
>] [29 <./Results/Sim1/dR_IRpeak_amp2.pdf> <./Results/Sim2/dR_IRpeak_amp2.pdf

pdfTeX warning: pdflatex (file ./Results/Sim2/dR_IRpeak_amp2.pdf): PDF inclusio
n: multiple pdfs with page group included in a single page
> <./Results/Sim3/dR_IRpeak_amp2.pdf

pdfTeX warning: pdflatex (file ./Results/Sim3/dR_IRpeak_amp2.pdf): PDF inclusio
n: multiple pdfs with page group included in a single page
> <./Results/Sim4/dR_IRpeak_amp2.pdf

pdfTeX warning: pdflatex (file ./Results/Sim4/dR_IRpeak_amp2.pdf): PDF inclusio
n: multiple pdfs with page group included in a single page
>]) [30 <./Results/Sim3/re_alpha_parallel.pdf> <./Results/Sim3/im_alpha_paralle
l.pdf

pdfTeX warning: pdflatex (file ./Results/Sim3/im_alpha_parallel.pdf): PDF inclu
sion: multiple pdfs with page group included in a single page
> <./Results/Sim3/re_gamma.pdf

pdfTeX warning: pdflatex (file ./Results/Sim3/re_gamma.pdf): PDF inclusion: mul
tiple pdfs with page group included in a single page
> <./Results/Sim3/im_gamma.pdf

pdfTeX warning: pdflatex (file ./Results/Sim3/im_gamma.pdf): PDF inclusion: mul
tiple pdfs with page group included in a single page
>]
Package atveryend Info: Empty hook `BeforeClearDocument' on input line 143.
 [31 <./Results/Sim3/re_alpha_perp.pdf> <./Results/Sim3/im_alpha_perp.pdf

pdfTeX warning: pdflatex (file ./Results/Sim3/im_alpha_perp.pdf): PDF inclusion
: multiple pdfs with page group included in a single page
> <./Results/Sim3/re_beta.pdf

pdfTeX warning: pdflatex (file ./Results/Sim3/re_beta.pdf): PDF inclusion: mult
iple pdfs with page group included in a single page
> <./Results/Sim3/im_beta.pdf

pdfTeX warning: pdflatex (file ./Results/Sim3/im_beta.pdf): PDF inclusion: mult
iple pdfs with page group included in a single page
>] [32 <./Results/Sim3/real_gammaDalpha.pdf> <./Results/Sim3/im_gammaDalpha.pdf


pdfTeX warning: pdflatex (file ./Results/Sim3/im_gammaDalpha.pdf): PDF inclusio
n: multiple pdfs with page group included in a single page
> <./Results/Sim3/real_betaDalpha.pdf

pdfTeX warning: pdflatex (file ./Results/Sim3/real_betaDalpha.pdf): PDF inclusi
on: multiple pdfs with page group included in a single page
> <./Results/Sim3/im_betaDalpha.pdf

pdfTeX warning: pdflatex (file ./Results/Sim3/im_betaDalpha.pdf): PDF inclusion
: multiple pdfs with page group included in a single page
>] [33 <./Results/Sim3/integratedReflectance.pdf> <./Results/Sim3/integratedRef
lectance_theta0.pdf>] [34 <./Results/Sim3/integratedTransmittance.pdf> <./Resul
ts/Sim3/integratedTransmittance_theta0.pdf>] [35 <./Results/Sim3/Rp_color25C.pd
f> <./Results/Sim3/Rp_color80C.pdf

pdfTeX warning: pdflatex (file ./Results/Sim3/Rp_color80C.pdf): PDF inclusion: 
multiple pdfs with page group included in a single page
> <./Results/Sim3/Rs_color25C.pdf

pdfTeX warning: pdflatex (file ./Results/Sim3/Rs_color25C.pdf): PDF inclusion: 
multiple pdfs with page group included in a single page
>] [36 <./Results/Sim3/Rp_color.pdf> <./Results/Sim3/Rs_color.pdf

pdfTeX warning: pdflatex (file ./Results/Sim3/Rs_color.pdf): PDF inclusion: mul
tiple pdfs with page group included in a single page
>]
Package atveryend Info: Empty hook `AfterLastShipout' on input line 143.
 (./utkast.aux)
Package atveryend Info: Executing hook `AtVeryEndDocument' on input line 143.
Package atveryend Info: Executing hook `AtEndAfterFileList' on input line 143.
Package rerunfilecheck Info: File `utkast.out' has not changed.
(rerunfilecheck)             Checksum: CCA8A90FC9AC2210DBA1F618667B3575;2288.


LaTeX Warning: There were undefined references.


LaTeX Warning: There were multiply-defined labels.

Package atveryend Info: Empty hook `AtVeryVeryEnd' on input line 143.
 ) 
Here is how much of TeX's memory you used:
 9769 strings out of 493304
 145364 string characters out of 6139871
 331344 words of memory out of 5000000
 12684 multiletter control sequences out of 15000+600000
 144763 words of font info for 146 fonts, out of 8000000 for 9000
 957 hyphenation exceptions out of 8191
 36i,14n,43p,917b,502s stack positions out of 5000i,500n,10000p,200000b,80000s
{/usr/share/texmf/fonts/enc/dvips/cm-super/cm-super-t1.enc}{/usr/share/texliv
e/texmf-dist/fonts/enc/dvips/base/8r.enc}</usr/share/texlive/texmf-dist/fonts/t
ype1/public/fourier/fourier-mex.pfb></usr/share/texlive/texmf-dist/fonts/type1/
public/fourier/fourier-ml.pfb></usr/share/texlive/texmf-dist/fonts/type1/public
/fourier/fourier-mlit.pfb></usr/share/texlive/texmf-dist/fonts/type1/public/fou
rier/fourier-ms.pfb></usr/share/texlive/texmf-dist/fonts/type1/public/amsfonts/
symbols/msbm10.pfb></usr/share/texlive/texmf-dist/fonts/type1/adobe/utopia/putb
8a.pfb></usr/share/texlive/texmf-dist/fonts/type1/adobe/utopia/putbi8a.pfb></us
r/share/texlive/texmf-dist/fonts/type1/adobe/utopia/putr8a.pfb></usr/share/texl
ive/texmf-dist/fonts/type1/adobe/utopia/putri8a.pfb></usr/share/texmf/fonts/typ
e1/public/cm-super/sftt0900.pfb>
Output written on utkast.pdf (36 pages, 1624474 bytes).
PDF statistics:
 3088 PDF objects out of 3580 (max. 8388607)
 1761 compressed objects within 18 object streams
 246 named destinations out of 1000 (max. 500000)
 492 words of extra memory for PDF output out of 10000 (max. 10000000)

