\BOOKMARK [1][-]{section.1}{Additional Theory}{}% 1
\BOOKMARK [2][-]{subsection.1.1}{The Drude model [p. ?]Jensen1985}{section.1}% 2
\BOOKMARK [2][-]{subsection.1.2}{Complex permittivity and refractive index \(From wikipedia\) don't use, LACKING REFERENCES!}{section.1}% 3
\BOOKMARK [1][-]{section.2}{Basic Theory}{}% 4
\BOOKMARK [2][-]{subsection.2.1}{The electric potential, Laplace's equation and the Uniqueness Theorem}{section.2}% 5
\BOOKMARK [2][-]{subsection.2.2}{Polarizability}{section.2}% 6
\BOOKMARK [2][-]{subsection.2.3}{Plasmons}{section.2}% 7
\BOOKMARK [2][-]{subsection.2.4}{The Drude model Hofmann }{section.2}% 8
\BOOKMARK [2][-]{subsection.2.5}{Conductivity; the Drude model}{section.2}% 9
\BOOKMARK [2][-]{subsection.2.6}{Optical reflectivity of drude metals}{section.2}% 10
\BOOKMARK [2][-]{subsection.2.7}{Shortcomings of the Drude model}{section.2}% 11
\BOOKMARK [2][-]{subsection.2.8}{Dielectrics}{section.2}% 12
\BOOKMARK [2][-]{subsection.2.9}{Microscopic polarization}{section.2}% 13
\BOOKMARK [2][-]{subsection.2.10}{The local field}{section.2}% 14
\BOOKMARK [2][-]{subsection.2.11}{Frequency dependence of the dielectric constant}{section.2}% 15
\BOOKMARK [2][-]{subsection.2.12}{Complex permittivity and index of refraction [p. 169-170]Jensen1985}{section.2}% 16
\BOOKMARK [1][-]{section.3}{Plasmons}{}% 17
\BOOKMARK [1][-]{section.4}{Article Notes}{}% 18
\BOOKMARK [2][-]{subsection.4.1}{Thermochromism}{section.4}% 19
\BOOKMARK [1][-]{section.5}{Book Notes}{}% 20
\BOOKMARK [1][-]{section.6}{Handbook of Optial Constants of Solids; Edward D. Palik}{}% 21
\BOOKMARK [2][-]{subsection.6.1}{Bulk and thin-film effects; effective-medium theory; p.104}{section.6}% 22
\BOOKMARK [2][-]{subsection.6.2}{Jensen B: The Quantum Extension of the Drude-Zener Theory in Polar Semiconductors; p.169-188}{section.6}% 23
\BOOKMARK [2][-]{subsection.6.3}{Shashanka S. Mitra \040Optical properties of nonmetallic solids for photon energies below the fundamental band gap}{section.6}% 24
\BOOKMARK [1][-]{section.7}{Optical Properties of Surfaces Notes}{}% 25
\BOOKMARK [1][-]{section.8}{Color notes from wikipedia}{}% 26
\BOOKMARK [1][-]{section.9}{Color notes regarding ColorPy}{}% 27
